# JRE version: Java(TM) SE Runtime Environment (19.0.2+7) (build 19.0.2+7-44)
# Java VM: Java HotSpot(TM) 64-Bit Server VM (19.0.2+7-44, mixed mode, sharing, tiered, compressed oops, compressed class ptrs, g1 gc, windows-amd64)
GC Precious Log:
 CardTable entry size: 512
 Card Set container configuration: InlinePtr #cards 4 size 8 Array Of Cards #cards 32 size 80 Howl #buckets 8 coarsen threshold 7372 Howl Bitmap #cards 1024 size 144 coarsen threshold 921 Card regions per heap region 1 cards per card region 8192
 CPUs: 20 total, 20 available
 Memory: 32624M
 Large Page Support: Disabled
 NUMA Support: Disabled
 Compressed Oops: Enabled (Zero based)
 Heap Region Size: 4M
 Heap Min Capacity: 8M
 Heap Initial Capacity: 512M
 Heap Max Capacity: 8160M
 Pre-touch: Disabled
 Parallel Workers: 15
 Concurrent Workers: 4
 Concurrent Refinement Workers: 15
 Periodic GC: Disabled
Heap:
 garbage-first heap   total 69632K, used 18236K [0x0000000602000000, 0x0000000800000000)
  region size 4096K, 2 young (8192K), 1 survivors (4096K)
 Metaspace       used 30032K, committed 30464K, reserved 1114112K
  class space    used 3848K, committed 4032K, reserved 1048576K
GC Heap History (12 events):
Event: 0.394 GC heap before
{Heap before GC invocations=0 (full 0):
 garbage-first heap   total 524288K, used 24576K [0x0000000602000000, 0x0000000800000000)
  region size 4096K, 6 young (24576K), 0 survivors (0K)
 Metaspace       used 4737K, committed 4992K, reserved 1114112K
  class space    used 488K, committed 576K, reserved 1048576K
}
Event: 0.396 GC heap after
{Heap after GC invocations=1 (full 0):
 garbage-first heap   total 524288K, used 3206K [0x0000000602000000, 0x0000000800000000)
  region size 4096K, 1 young (4096K), 1 survivors (4096K)
 Metaspace       used 4737K, committed 4992K, reserved 1114112K
  class space    used 488K, committed 576K, reserved 1048576K
}
Event: 0.751 GC heap before
{Heap before GC invocations=1 (full 0):
 garbage-first heap   total 524288K, used 44166K [0x0000000602000000, 0x0000000800000000)
  region size 4096K, 12 young (49152K), 1 survivors (4096K)
 Metaspace       used 17960K, committed 18240K, reserved 1114112K
  class space    used 2168K, committed 2304K, reserved 1048576K
}
Event: 0.755 GC heap after
{Heap after GC invocations=2 (full 0):
 garbage-first heap   total 524288K, used 8431K [0x0000000602000000, 0x0000000800000000)
  region size 4096K, 2 young (8192K), 2 survivors (8192K)
 Metaspace       used 17960K, committed 18240K, reserved 1114112K
  class space    used 2168K, committed 2304K, reserved 1048576K
}
Event: 0.886 GC heap before
{Heap before GC invocations=2 (full 0):
 garbage-first heap   total 524288K, used 20719K [0x0000000602000000, 0x0000000800000000)
  region size 4096K, 6 young (24576K), 2 survivors (8192K)
 Metaspace       used 21167K, committed 21504K, reserved 1114112K
  class space    used 2825K, committed 3008K, reserved 1048576K
}
Event: 0.889 GC heap after
{Heap after GC invocations=3 (full 0):
 garbage-first heap   total 524288K, used 9408K [0x0000000602000000, 0x0000000800000000)
  region size 4096K, 3 young (12288K), 3 survivors (12288K)
 Metaspace       used 21167K, committed 21504K, reserved 1114112K
  class space    used 2825K, committed 3008K, reserved 1048576K
}
Event: 5.134 GC heap before
{Heap before GC invocations=4 (full 0):
 garbage-first heap   total 69632K, used 38080K [0x0000000602000000, 0x0000000800000000)
  region size 4096K, 10 young (40960K), 3 survivors (12288K)
 Metaspace       used 25711K, committed 26112K, reserved 1114112K
  class space    used 3369K, committed 3520K, reserved 1048576K
}
Event: 5.139 GC heap after
{Heap after GC invocations=5 (full 0):
 garbage-first heap   total 69632K, used 12851K [0x0000000602000000, 0x0000000800000000)
  region size 4096K, 2 young (8192K), 2 survivors (8192K)
 Metaspace       used 25711K, committed 26112K, reserved 1114112K
  class space    used 3369K, committed 3520K, reserved 1048576K
}
Event: 5.209 GC heap before
{Heap before GC invocations=5 (full 0):
 garbage-first heap   total 69632K, used 16947K [0x0000000602000000, 0x0000000800000000)
  region size 4096K, 3 young (12288K), 2 survivors (8192K)
 Metaspace       used 26460K, committed 26816K, reserved 1114112K
  class space    used 3471K, committed 3648K, reserved 1048576K
}
Event: 5.210 GC heap after
{Heap after GC invocations=6 (full 0):
 garbage-first heap   total 69632K, used 14104K [0x0000000602000000, 0x0000000800000000)
  region size 4096K, 1 young (4096K), 1 survivors (4096K)
 Metaspace       used 26460K, committed 26816K, reserved 1114112K
  class space    used 3471K, committed 3648K, reserved 1048576K
}
Event: 14.553 GC heap before
{Heap before GC invocations=6 (full 0):
 garbage-first heap   total 69632K, used 42776K [0x0000000602000000, 0x0000000800000000)
  region size 4096K, 8 young (32768K), 1 survivors (4096K)
 Metaspace       used 30002K, committed 30464K, reserved 1114112K
  class space    used 3847K, committed 4032K, reserved 1048576K
}
Event: 14.558 GC heap after
{Heap after GC invocations=7 (full 0):
 garbage-first heap   total 69632K, used 18236K [0x0000000602000000, 0x0000000800000000)
  region size 4096K, 1 young (4096K), 1 survivors (4096K)
 Metaspace       used 30002K, committed 30464K, reserved 1114112K
  class space    used 3847K, committed 4032K, reserved 1048576K
}

